imkit/build/intermediates/manifest_merge_blame_file/debug/manifest-merger-blame-debug-report.txt
1<?xml version="1.0" encoding="utf-8"?>
2<manifest xmlns:android="http://schemas.android.com/apk/res/android"
3    package="io.rong.imkit" >
4
5    <uses-sdk
6        android:minSdkVersion="19"
6-->RongCloud_QuickDemo_Android/imkit/AndroidManifest.xml
7        android:targetSdkVersion="31" />
7-->RongCloud_QuickDemo_Android/imkit/AndroidManifest.xml
8    <!-- 访问相册，访问文件系统等 -->
9    <uses-permission android:name="android.permission.READ_EXTERNAL_STORAGE" />
9-->RongCloud_QuickDemo_Android/imkit/AndroidManifest.xml:4:5-80
9-->RongCloud_QuickDemo_Android/imkit/AndroidManifest.xml:4:22-77
10    <uses-permission android:name="android.permission.WRITE_EXTERNAL_STORAGE" />
10-->RongCloud_QuickDemo_Android/imkit/AndroidManifest.xml:5:5-80
10-->RongCloud_QuickDemo_Android/imkit/AndroidManifest.xml:5:22-78
11    <uses-permission android:name="android.permission.READ_MEDIA_VISUAL_USER_SELECTED" />
11-->RongCloud_QuickDemo_Android/imkit/AndroidManifest.xml:6:5-92
11-->RongCloud_QuickDemo_Android/imkit/AndroidManifest.xml:6:22-89
12    <!-- 拍照 -->
13    <uses-permission android:name="android.permission.CAMERA" />
13-->RongCloud_QuickDemo_Android/imkit/AndroidManifest.xml:8:5-65
13-->RongCloud_QuickDemo_Android/imkit/AndroidManifest.xml:8:22-62
14    <!-- 拍照等 -->
15    <uses-permission android:name="android.permission.VIBRATE" />
15-->RongCloud_QuickDemo_Android/imkit/AndroidManifest.xml:10:5-66
15-->RongCloud_QuickDemo_Android/imkit/AndroidManifest.xml:10:22-63
16    <uses-permission android:name="android.permission.WRITE_SETTINGS" />
16-->RongCloud_QuickDemo_Android/imkit/AndroidManifest.xml:11:5-73
16-->RongCloud_QuickDemo_Android/imkit/AndroidManifest.xml:11:22-70
17    <!-- 网络 -->
18    <uses-permission android:name="android.permission.CHANGE_WIFI_STATE" />
18-->RongCloud_QuickDemo_Android/imkit/AndroidManifest.xml:13:5-76
18-->RongCloud_QuickDemo_Android/imkit/AndroidManifest.xml:13:22-73
19    <uses-permission android:name="android.permission.INTERNET" />
19-->RongCloud_QuickDemo_Android/imkit/AndroidManifest.xml:14:5-67
19-->RongCloud_QuickDemo_Android/imkit/AndroidManifest.xml:14:22-64
20    <uses-permission android:name="android.permission.ACCESS_NETWORK_STATE" />
20-->RongCloud_QuickDemo_Android/imkit/AndroidManifest.xml:15:5-79
20-->RongCloud_QuickDemo_Android/imkit/AndroidManifest.xml:15:22-76
21    <uses-permission android:name="android.permission.ACCESS_WIFI_STATE" />
21-->RongCloud_QuickDemo_Android/imkit/AndroidManifest.xml:16:5-76
21-->RongCloud_QuickDemo_Android/imkit/AndroidManifest.xml:16:22-73
22    <!-- 录音权限，语音消息使用 -->
23    <uses-permission android:name="android.permission.RECORD_AUDIO" />
23-->RongCloud_QuickDemo_Android/imkit/AndroidManifest.xml:18:5-71
23-->RongCloud_QuickDemo_Android/imkit/AndroidManifest.xml:18:22-68
24
25    <application android:supportsRtl="true" >
25-->RongCloud_QuickDemo_Android/imkit/AndroidManifest.xml:20:5-117:19
25-->RongCloud_QuickDemo_Android/imkit/AndroidManifest.xml:20:18-44
26        <activity
26-->RongCloud_QuickDemo_Android/imkit/AndroidManifest.xml:21:9-23:52
27            android:name="io.rong.imkit.conversationlist.RongConversationListActivity"
27-->RongCloud_QuickDemo_Android/imkit/AndroidManifest.xml:22:13-87
28            android:screenOrientation="portrait" />
28-->RongCloud_QuickDemo_Android/imkit/AndroidManifest.xml:23:13-49
29        <activity
29-->RongCloud_QuickDemo_Android/imkit/AndroidManifest.xml:24:9-26:52
30            android:name="io.rong.imkit.conversation.RongConversationActivity"
30-->RongCloud_QuickDemo_Android/imkit/AndroidManifest.xml:25:13-66
31            android:screenOrientation="portrait" />
31-->RongCloud_QuickDemo_Android/imkit/AndroidManifest.xml:26:13-49
32        <activity
32-->RongCloud_QuickDemo_Android/imkit/AndroidManifest.xml:28:9-30:52
33            android:name="io.rong.imkit.subconversationlist.RongSubConversationListActivity"
33-->RongCloud_QuickDemo_Android/imkit/AndroidManifest.xml:29:13-80
34            android:screenOrientation="portrait" />
34-->RongCloud_QuickDemo_Android/imkit/AndroidManifest.xml:30:13-49
35        <activity
35-->RongCloud_QuickDemo_Android/imkit/AndroidManifest.xml:31:9-34:73
36            android:name="io.rong.imkit.feature.mention.MentionMemberSelectActivity"
36-->RongCloud_QuickDemo_Android/imkit/AndroidManifest.xml:32:13-72
37            android:screenOrientation="portrait"
37-->RongCloud_QuickDemo_Android/imkit/AndroidManifest.xml:33:13-49
38            android:theme="@android:style/Theme.NoTitleBar.Fullscreen" />
38-->RongCloud_QuickDemo_Android/imkit/AndroidManifest.xml:34:13-71
39        <activity
39-->RongCloud_QuickDemo_Android/imkit/AndroidManifest.xml:36:9-38:52
40            android:name="io.rong.imkit.activity.RongWebviewActivity"
40-->RongCloud_QuickDemo_Android/imkit/AndroidManifest.xml:37:13-57
41            android:screenOrientation="portrait" />
41-->RongCloud_QuickDemo_Android/imkit/AndroidManifest.xml:38:13-49
42        <activity
42-->RongCloud_QuickDemo_Android/imkit/AndroidManifest.xml:40:9-47:20
43            android:name="io.rong.imkit.activity.FilePreviewActivity"
43-->RongCloud_QuickDemo_Android/imkit/AndroidManifest.xml:41:13-57
44            android:exported="false"
44-->RongCloud_QuickDemo_Android/imkit/AndroidManifest.xml:42:13-37
45            android:screenOrientation="portrait" >
45-->RongCloud_QuickDemo_Android/imkit/AndroidManifest.xml:43:13-49
46            <intent-filter>
46-->RongCloud_QuickDemo_Android/imkit/AndroidManifest.xml:44:13-46:29
47                <category android:name="android.intent.category.DEFAULT" />
47-->RongCloud_QuickDemo_Android/imkit/AndroidManifest.xml:45:17-76
47-->RongCloud_QuickDemo_Android/imkit/AndroidManifest.xml:45:27-73
48            </intent-filter>
49        </activity>
50        <activity
50-->RongCloud_QuickDemo_Android/imkit/AndroidManifest.xml:49:9-57:20
51            android:name="io.rong.imkit.activity.PicturePagerActivity"
51-->RongCloud_QuickDemo_Android/imkit/AndroidManifest.xml:50:13-58
52            android:configChanges="orientation|keyboardHidden|screenSize"
52-->RongCloud_QuickDemo_Android/imkit/AndroidManifest.xml:51:13-74
53            android:exported="false"
53-->RongCloud_QuickDemo_Android/imkit/AndroidManifest.xml:52:13-37
54            android:theme="@android:style/Theme.NoTitleBar.Fullscreen" >
54-->RongCloud_QuickDemo_Android/imkit/AndroidManifest.xml:53:13-71
55            <intent-filter>
55-->RongCloud_QuickDemo_Android/imkit/AndroidManifest.xml:44:13-46:29
56                <category android:name="android.intent.category.DEFAULT" />
56-->RongCloud_QuickDemo_Android/imkit/AndroidManifest.xml:45:17-76
56-->RongCloud_QuickDemo_Android/imkit/AndroidManifest.xml:45:27-73
57            </intent-filter>
58        </activity>
59        <activity
59-->RongCloud_QuickDemo_Android/imkit/AndroidManifest.xml:58:9-61:73
60            android:name="io.rong.imkit.activity.ForwardSelectConversationActivity"
60-->RongCloud_QuickDemo_Android/imkit/AndroidManifest.xml:59:13-71
61            android:screenOrientation="portrait"
61-->RongCloud_QuickDemo_Android/imkit/AndroidManifest.xml:60:13-49
62            android:theme="@android:style/Theme.NoTitleBar.Fullscreen" />
62-->RongCloud_QuickDemo_Android/imkit/AndroidManifest.xml:61:13-71
63        <activity
63-->RongCloud_QuickDemo_Android/imkit/AndroidManifest.xml:63:9-66:52
64            android:name="io.rong.imkit.activity.CombineWebViewActivity"
64-->RongCloud_QuickDemo_Android/imkit/AndroidManifest.xml:64:13-60
65            android:exported="false"
65-->RongCloud_QuickDemo_Android/imkit/AndroidManifest.xml:65:13-37
66            android:screenOrientation="portrait" />
66-->RongCloud_QuickDemo_Android/imkit/AndroidManifest.xml:66:13-49
67        <activity
67-->RongCloud_QuickDemo_Android/imkit/AndroidManifest.xml:68:9-71:52
68            android:name="io.rong.imkit.activity.WebFilePreviewActivity"
68-->RongCloud_QuickDemo_Android/imkit/AndroidManifest.xml:69:13-73
69            android:exported="false"
69-->RongCloud_QuickDemo_Android/imkit/AndroidManifest.xml:70:13-37
70            android:screenOrientation="portrait" />
70-->RongCloud_QuickDemo_Android/imkit/AndroidManifest.xml:71:13-49
71        <activity
71-->RongCloud_QuickDemo_Android/imkit/AndroidManifest.xml:73:9-76:74
72            android:name="io.rong.imkit.activity.CombinePicturePagerActivity"
72-->RongCloud_QuickDemo_Android/imkit/AndroidManifest.xml:74:13-78
73            android:exported="false"
73-->RongCloud_QuickDemo_Android/imkit/AndroidManifest.xml:75:13-37
74            android:theme="@android:style/Theme.NoTitleBar.Fullscreen" />
74-->RongCloud_QuickDemo_Android/imkit/AndroidManifest.xml:76:13-71
75        <activity
75-->RongCloud_QuickDemo_Android/imkit/AndroidManifest.xml:77:9-80:74
76            android:name="io.rong.imkit.activity.GIFPreviewActivity"
76-->RongCloud_QuickDemo_Android/imkit/AndroidManifest.xml:78:13-69
77            android:exported="false"
77-->RongCloud_QuickDemo_Android/imkit/AndroidManifest.xml:79:13-37
78            android:theme="@android:style/Theme.NoTitleBar.Fullscreen" />
78-->RongCloud_QuickDemo_Android/imkit/AndroidManifest.xml:80:13-71
79
80        <!-- start图库配置项 -->
81        <provider
81-->RongCloud_QuickDemo_Android/imkit/AndroidManifest.xml:84:9-92:20
82            android:name="io.rong.imkit.picture.PictureFileProvider"
82-->RongCloud_QuickDemo_Android/imkit/AndroidManifest.xml:85:13-56
83            android:authorities="${applicationId}.provider"
83-->RongCloud_QuickDemo_Android/imkit/AndroidManifest.xml:86:13-60
84            android:exported="false"
84-->RongCloud_QuickDemo_Android/imkit/AndroidManifest.xml:87:13-37
85            android:grantUriPermissions="true" >
85-->RongCloud_QuickDemo_Android/imkit/AndroidManifest.xml:88:13-47
86            <meta-data
86-->RongCloud_QuickDemo_Android/imkit/AndroidManifest.xml:89:13-91:56
87                android:name="android.support.FILE_PROVIDER_PATHS"
87-->RongCloud_QuickDemo_Android/imkit/AndroidManifest.xml:90:17-67
88                android:resource="@xml/rc_file_path" />
88-->RongCloud_QuickDemo_Android/imkit/AndroidManifest.xml:91:17-53
89        </provider>
90
91        <activity
91-->RongCloud_QuickDemo_Android/imkit/AndroidManifest.xml:94:9-97:52
92            android:name="io.rong.imkit.picture.PictureSelectorActivity"
92-->RongCloud_QuickDemo_Android/imkit/AndroidManifest.xml:95:13-60
93            android:configChanges="orientation|keyboardHidden|screenSize"
93-->RongCloud_QuickDemo_Android/imkit/AndroidManifest.xml:96:13-74
94            android:screenOrientation="portrait" />
94-->RongCloud_QuickDemo_Android/imkit/AndroidManifest.xml:97:13-49
95        <activity
95-->RongCloud_QuickDemo_Android/imkit/AndroidManifest.xml:98:9-102:64
96            android:name="io.rong.imkit.picture.PictureSelectorCameraEmptyActivity"
96-->RongCloud_QuickDemo_Android/imkit/AndroidManifest.xml:99:13-71
97            android:configChanges="orientation|keyboardHidden|screenSize"
97-->RongCloud_QuickDemo_Android/imkit/AndroidManifest.xml:100:13-74
98            android:screenOrientation="portrait"
98-->RongCloud_QuickDemo_Android/imkit/AndroidManifest.xml:101:13-49
99            android:theme="@style/Picture.Theme.Translucent" />
99-->RongCloud_QuickDemo_Android/imkit/AndroidManifest.xml:102:13-61
100        <activity
100-->RongCloud_QuickDemo_Android/imkit/AndroidManifest.xml:104:9-107:52
101            android:name="io.rong.imkit.picture.PicturePreviewActivity"
101-->RongCloud_QuickDemo_Android/imkit/AndroidManifest.xml:105:13-59
102            android:configChanges="orientation|keyboardHidden|screenSize"
102-->RongCloud_QuickDemo_Android/imkit/AndroidManifest.xml:106:13-74
103            android:screenOrientation="portrait" />
103-->RongCloud_QuickDemo_Android/imkit/AndroidManifest.xml:107:13-49
104        <activity
104-->RongCloud_QuickDemo_Android/imkit/AndroidManifest.xml:108:9-111:52
105            android:name="io.rong.imkit.picture.PictureVideoPlayActivity"
105-->RongCloud_QuickDemo_Android/imkit/AndroidManifest.xml:109:13-61
106            android:configChanges="orientation|keyboardHidden|screenSize"
106-->RongCloud_QuickDemo_Android/imkit/AndroidManifest.xml:110:13-74
107            android:screenOrientation="portrait" />
107-->RongCloud_QuickDemo_Android/imkit/AndroidManifest.xml:111:13-49
108        <!-- end图库配置项 -->
109
110        <meta-data
110-->RongCloud_QuickDemo_Android/imkit/AndroidManifest.xml:114:9-116:52
111            android:name="rc.imkit"
111-->RongCloud_QuickDemo_Android/imkit/AndroidManifest.xml:115:13-36
112            android:value="io.rong.imkit.RongIM" />
112-->RongCloud_QuickDemo_Android/imkit/AndroidManifest.xml:116:13-49
113    </application>
114
115</manifest>